<?xml version="1.0" encoding="UTF-8"?>
<!-- Generated by org.testng.reporters.JUnitReportReporter -->
<testsuite hostname="5CG127066X" failures="0" tests="1" name="blouseProductTests.BlouseAddToCartTests" time="36.134" errors="0" timestamp="2021-11-06T20:58:39 ICT" skipped="0">
  <testcase classname="blouseProductTests.BlouseAddToCartTests" name="blouse_Signin_Page_Test" time="36.134"/>
  <system-out/>
</testsuite> <!-- blouseProductTests.BlouseAddToCartTests -->
