<?xml version="1.0" encoding="UTF-8"?>
<!-- Generated by org.testng.reporters.JUnitReportReporter -->
<testsuite hostname="5CG127066X" failures="0" tests="1" name="blouseProductShoppingCartTests.BlouseProductAddToCartTests" time="22.098" errors="0" timestamp="2021-11-06T10:11:56 ICT" skipped="0">
  <testcase classname="blouseProductShoppingCartTests.BlouseProductAddToCartTests" name="ShoppingCartTest" time="22.098"/>
  <system-out/>
</testsuite> <!-- blouseProductShoppingCartTests.BlouseProductAddToCartTests -->
