<?xml version="1.0" encoding="UTF-8"?>
<!-- Generated by org.testng.reporters.JUnitReportReporter -->
<testsuite hostname="5CG127066X" failures="0" tests="1" name="shoppingCartTests.ShoppingCartTests" time="34.930" errors="0" timestamp="2021-11-04T15:21:56 ICT" skipped="0">
  <testcase classname="shoppingCartTests.ShoppingCartTests" name="ShoppingCartTest" time="34.930"/>
  <system-out/>
</testsuite> <!-- shoppingCartTests.ShoppingCartTests -->
